D:\Digital Edge Projects\Institutes\Institutes\Institutes\wwwroot\clientapp\out-tsc\app\core\services\constants.service.js
D:\Digital Edge Projects\Institutes\Institutes\Institutes\wwwroot\clientapp\out-tsc\app\core\services\constants.service.js.map
D:\Digital Edge Projects\Institutes\Institutes\Institutes\wwwroot\clientapp\out-tsc\app\core\services\login.service.js
D:\Digital Edge Projects\Institutes\Institutes\Institutes\wwwroot\clientapp\out-tsc\app\core\services\login.service.js.map
D:\Digital Edge Projects\Institutes\Institutes\Institutes\wwwroot\clientapp\out-tsc\app\pages\sign-in\sign-in.component.js
D:\Digital Edge Projects\Institutes\Institutes\Institutes\wwwroot\clientapp\out-tsc\app\pages\sign-in\sign-in.component.js.map
D:\Digital Edge Projects\Institutes\Institutes\Institutes\wwwroot\clientapp\out-tsc\app\app.component.js
D:\Digital Edge Projects\Institutes\Institutes\Institutes\wwwroot\clientapp\out-tsc\app\app.component.js.map
D:\Digital Edge Projects\Institutes\Institutes\Institutes\wwwroot\clientapp\out-tsc\app\core\services\institutes.service.js
D:\Digital Edge Projects\Institutes\Institutes\Institutes\wwwroot\clientapp\out-tsc\app\core\services\institutes.service.js.map
D:\Digital Edge Projects\Institutes\Institutes\Institutes\wwwroot\clientapp\out-tsc\app\pages\home-page\home-page.component.js
D:\Digital Edge Projects\Institutes\Institutes\Institutes\wwwroot\clientapp\out-tsc\app\pages\home-page\home-page.component.js.map
D:\Digital Edge Projects\Institutes\Institutes\Institutes\wwwroot\clientapp\out-tsc\app\core\models\user.model.js
D:\Digital Edge Projects\Institutes\Institutes\Institutes\wwwroot\clientapp\out-tsc\app\core\models\user.model.js.map
D:\Digital Edge Projects\Institutes\Institutes\Institutes\wwwroot\clientapp\out-tsc\app\core\services\global.service.js
D:\Digital Edge Projects\Institutes\Institutes\Institutes\wwwroot\clientapp\out-tsc\app\core\services\global.service.js.map
D:\Digital Edge Projects\Institutes\Institutes\Institutes\wwwroot\clientapp\out-tsc\app\core\services\register.service.js
D:\Digital Edge Projects\Institutes\Institutes\Institutes\wwwroot\clientapp\out-tsc\app\core\services\register.service.js.map
D:\Digital Edge Projects\Institutes\Institutes\Institutes\wwwroot\clientapp\out-tsc\app\pages\sign-up\sign-up.component.js
D:\Digital Edge Projects\Institutes\Institutes\Institutes\wwwroot\clientapp\out-tsc\app\pages\sign-up\sign-up.component.js.map
D:\Digital Edge Projects\Institutes\Institutes\Institutes\wwwroot\clientapp\out-tsc\app\core\services\user.service.js
D:\Digital Edge Projects\Institutes\Institutes\Institutes\wwwroot\clientapp\out-tsc\app\core\services\user.service.js.map
D:\Digital Edge Projects\Institutes\Institutes\Institutes\wwwroot\clientapp\out-tsc\app\pages\user-profile\user-profile.component.js
D:\Digital Edge Projects\Institutes\Institutes\Institutes\wwwroot\clientapp\out-tsc\app\pages\user-profile\user-profile.component.js.map
D:\Digital Edge Projects\Institutes\Institutes\Institutes\wwwroot\clientapp\out-tsc\app\pages\page-not-found\page-not-found.component.js
D:\Digital Edge Projects\Institutes\Institutes\Institutes\wwwroot\clientapp\out-tsc\app\pages\page-not-found\page-not-found.component.js.map
D:\Digital Edge Projects\Institutes\Institutes\Institutes\wwwroot\clientapp\out-tsc\environments\environment.js
D:\Digital Edge Projects\Institutes\Institutes\Institutes\wwwroot\clientapp\out-tsc\environments\environment.js.map
D:\Digital Edge Projects\Institutes\Institutes\Institutes\wwwroot\clientapp\out-tsc\app\core\reducers\index.js
D:\Digital Edge Projects\Institutes\Institutes\Institutes\wwwroot\clientapp\out-tsc\app\core\reducers\index.js.map
D:\Digital Edge Projects\Institutes\Institutes\Institutes\wwwroot\clientapp\out-tsc\app\core\guards\auth-guard.service.js
D:\Digital Edge Projects\Institutes\Institutes\Institutes\wwwroot\clientapp\out-tsc\app\core\guards\auth-guard.service.js.map
D:\Digital Edge Projects\Institutes\Institutes\Institutes\wwwroot\clientapp\out-tsc\app\app-routing.module.js
D:\Digital Edge Projects\Institutes\Institutes\Institutes\wwwroot\clientapp\out-tsc\app\app-routing.module.js.map
D:\Digital Edge Projects\Institutes\Institutes\Institutes\wwwroot\clientapp\out-tsc\app\core\material.module.js
D:\Digital Edge Projects\Institutes\Institutes\Institutes\wwwroot\clientapp\out-tsc\app\core\material.module.js.map
D:\Digital Edge Projects\Institutes\Institutes\Institutes\wwwroot\clientapp\out-tsc\app\pages\user-profile\edit-user\edit-user.component.js
D:\Digital Edge Projects\Institutes\Institutes\Institutes\wwwroot\clientapp\out-tsc\app\pages\user-profile\edit-user\edit-user.component.js.map
D:\Digital Edge Projects\Institutes\Institutes\Institutes\wwwroot\clientapp\out-tsc\app\pages\user-profile\user-certificates\user-certificates.component.js
D:\Digital Edge Projects\Institutes\Institutes\Institutes\wwwroot\clientapp\out-tsc\app\pages\user-profile\user-certificates\user-certificates.component.js.map
D:\Digital Edge Projects\Institutes\Institutes\Institutes\wwwroot\clientapp\out-tsc\app\app.module.js
D:\Digital Edge Projects\Institutes\Institutes\Institutes\wwwroot\clientapp\out-tsc\app\app.module.js.map
D:\Digital Edge Projects\Institutes\Institutes\Institutes\wwwroot\clientapp\out-tsc\main.js
D:\Digital Edge Projects\Institutes\Institutes\Institutes\wwwroot\clientapp\out-tsc\main.js.map
D:\Digital Edge Projects\Institutes\Institutes\Institutes\wwwroot\clientapp\out-tsc\polyfills.js
D:\Digital Edge Projects\Institutes\Institutes\Institutes\wwwroot\clientapp\out-tsc\polyfills.js.map
D:\Digital Edge Projects\Institutes\Institutes\Institutes\wwwroot\clientapp\out-tsc\test.js
D:\Digital Edge Projects\Institutes\Institutes\Institutes\wwwroot\clientapp\out-tsc\test.js.map
D:\Digital Edge Projects\Institutes\Institutes\Institutes\wwwroot\clientapp\out-tsc\app\app.component.spec.js
D:\Digital Edge Projects\Institutes\Institutes\Institutes\wwwroot\clientapp\out-tsc\app\app.component.spec.js.map
D:\Digital Edge Projects\Institutes\Institutes\Institutes\wwwroot\clientapp\out-tsc\environments\environment.prod.js
D:\Digital Edge Projects\Institutes\Institutes\Institutes\wwwroot\clientapp\out-tsc\environments\environment.prod.js.map
D:\Digital Edge Projects\Institutes\Institutes\Institutes\wwwroot\clientapp\out-tsc\app\pages\user-profile\user-certificates\user-certificates.component.spec.js
D:\Digital Edge Projects\Institutes\Institutes\Institutes\wwwroot\clientapp\out-tsc\app\pages\user-profile\user-certificates\user-certificates.component.spec.js.map
