D:\Tradinos\Tradions task\frontEnd\wwwroot\clientapp\out-tsc\app\app.component.js
D:\Tradinos\Tradions task\frontEnd\wwwroot\clientapp\out-tsc\app\app.component.js.map
D:\Tradinos\Tradions task\frontEnd\wwwroot\clientapp\out-tsc\app\pages\home-page\home-page.component.js
D:\Tradinos\Tradions task\frontEnd\wwwroot\clientapp\out-tsc\app\pages\home-page\home-page.component.js.map
D:\Tradinos\Tradions task\frontEnd\wwwroot\clientapp\out-tsc\app\core\services\constants.service.js
D:\Tradinos\Tradions task\frontEnd\wwwroot\clientapp\out-tsc\app\core\services\constants.service.js.map
D:\Tradinos\Tradions task\frontEnd\wwwroot\clientapp\out-tsc\app\pages\page-not-found\page-not-found.component.js
D:\Tradinos\Tradions task\frontEnd\wwwroot\clientapp\out-tsc\app\pages\page-not-found\page-not-found.component.js.map
D:\Tradinos\Tradions task\frontEnd\wwwroot\clientapp\out-tsc\environments\environment.js
D:\Tradinos\Tradions task\frontEnd\wwwroot\clientapp\out-tsc\environments\environment.js.map
D:\Tradinos\Tradions task\frontEnd\wwwroot\clientapp\out-tsc\app\core\reducers\index.js
D:\Tradinos\Tradions task\frontEnd\wwwroot\clientapp\out-tsc\app\core\reducers\index.js.map
D:\Tradinos\Tradions task\frontEnd\wwwroot\clientapp\out-tsc\app\core\guards\auth-guard.service.js
D:\Tradinos\Tradions task\frontEnd\wwwroot\clientapp\out-tsc\app\core\guards\auth-guard.service.js.map
D:\Tradinos\Tradions task\frontEnd\wwwroot\clientapp\out-tsc\app\pages\about-page\about-page.component.js
D:\Tradinos\Tradions task\frontEnd\wwwroot\clientapp\out-tsc\app\pages\about-page\about-page.component.js.map
D:\Tradinos\Tradions task\frontEnd\wwwroot\clientapp\out-tsc\app\core\services\global.service.js
D:\Tradinos\Tradions task\frontEnd\wwwroot\clientapp\out-tsc\app\core\services\global.service.js.map
D:\Tradinos\Tradions task\frontEnd\wwwroot\clientapp\out-tsc\app\core\models\user.model.js
D:\Tradinos\Tradions task\frontEnd\wwwroot\clientapp\out-tsc\app\core\models\user.model.js.map
D:\Tradinos\Tradions task\frontEnd\wwwroot\clientapp\out-tsc\app\core\services\auth.service.js
D:\Tradinos\Tradions task\frontEnd\wwwroot\clientapp\out-tsc\app\core\services\auth.service.js.map
D:\Tradinos\Tradions task\frontEnd\wwwroot\clientapp\out-tsc\app\pages\auth\login\login.component.js
D:\Tradinos\Tradions task\frontEnd\wwwroot\clientapp\out-tsc\app\pages\auth\login\login.component.js.map
D:\Tradinos\Tradions task\frontEnd\wwwroot\clientapp\out-tsc\app\pages\auth\sign-up\sign-up.component.js
D:\Tradinos\Tradions task\frontEnd\wwwroot\clientapp\out-tsc\app\pages\auth\sign-up\sign-up.component.js.map
D:\Tradinos\Tradions task\frontEnd\wwwroot\clientapp\out-tsc\app\app-routing.module.js
D:\Tradinos\Tradions task\frontEnd\wwwroot\clientapp\out-tsc\app\app-routing.module.js.map
D:\Tradinos\Tradions task\frontEnd\wwwroot\clientapp\out-tsc\app\core\material.module.js
D:\Tradinos\Tradions task\frontEnd\wwwroot\clientapp\out-tsc\app\core\material.module.js.map
D:\Tradinos\Tradions task\frontEnd\wwwroot\clientapp\out-tsc\app\pages\materials\navbar\navbar.component.js
D:\Tradinos\Tradions task\frontEnd\wwwroot\clientapp\out-tsc\app\pages\materials\navbar\navbar.component.js.map
D:\Tradinos\Tradions task\frontEnd\wwwroot\clientapp\out-tsc\app\pages\materials\menu-nav\menu-nav.component.js
D:\Tradinos\Tradions task\frontEnd\wwwroot\clientapp\out-tsc\app\pages\materials\menu-nav\menu-nav.component.js.map
D:\Tradinos\Tradions task\frontEnd\wwwroot\clientapp\out-tsc\app\core\models\sub-task.model.js
D:\Tradinos\Tradions task\frontEnd\wwwroot\clientapp\out-tsc\app\core\models\sub-task.model.js.map
D:\Tradinos\Tradions task\frontEnd\wwwroot\clientapp\out-tsc\app\core\models\category.model.js
D:\Tradinos\Tradions task\frontEnd\wwwroot\clientapp\out-tsc\app\core\models\category.model.js.map
D:\Tradinos\Tradions task\frontEnd\wwwroot\clientapp\out-tsc\app\core\models\task.model.js
D:\Tradinos\Tradions task\frontEnd\wwwroot\clientapp\out-tsc\app\core\models\task.model.js.map
D:\Tradinos\Tradions task\frontEnd\wwwroot\clientapp\out-tsc\app\core\services\task.service.js
D:\Tradinos\Tradions task\frontEnd\wwwroot\clientapp\out-tsc\app\core\services\task.service.js.map
D:\Tradinos\Tradions task\frontEnd\wwwroot\clientapp\out-tsc\app\core\services\user.service.js
D:\Tradinos\Tradions task\frontEnd\wwwroot\clientapp\out-tsc\app\core\services\user.service.js.map
D:\Tradinos\Tradions task\frontEnd\wwwroot\clientapp\out-tsc\app\app.module.js
D:\Tradinos\Tradions task\frontEnd\wwwroot\clientapp\out-tsc\app\app.module.js.map
D:\Tradinos\Tradions task\frontEnd\wwwroot\clientapp\out-tsc\main.js
D:\Tradinos\Tradions task\frontEnd\wwwroot\clientapp\out-tsc\main.js.map
D:\Tradinos\Tradions task\frontEnd\wwwroot\clientapp\out-tsc\polyfills.js
D:\Tradinos\Tradions task\frontEnd\wwwroot\clientapp\out-tsc\polyfills.js.map
D:\Tradinos\Tradions task\frontEnd\wwwroot\clientapp\out-tsc\test.js
D:\Tradinos\Tradions task\frontEnd\wwwroot\clientapp\out-tsc\test.js.map
D:\Tradinos\Tradions task\frontEnd\wwwroot\clientapp\out-tsc\app\app.component.spec.js
D:\Tradinos\Tradions task\frontEnd\wwwroot\clientapp\out-tsc\app\app.component.spec.js.map
D:\Tradinos\Tradions task\frontEnd\wwwroot\clientapp\out-tsc\environments\environment.prod.js
D:\Tradinos\Tradions task\frontEnd\wwwroot\clientapp\out-tsc\environments\environment.prod.js.map
